<?xml version="1.0" encoding="UTF-8"?>
<!-- Generated by org.testng.reporters.JUnitReportReporter -->
<testsuite hostname="DESKTOP-TUSOF9V" failures="0" tests="1" name="scripts.Testcase2" time="14.595" errors="0" timestamp="2022-11-24T20:38:42 IST" skipped="0">
  <testcase classname="scripts.Testcase2" name="tc2" time="14.595"/>
  <system-out/>
</testsuite> <!-- scripts.Testcase2 -->
