<?xml version="1.0" encoding="UTF-8"?>
<!-- Generated by org.testng.reporters.JUnitReportReporter -->
<testsuite hostname="DESKTOP-TUSOF9V" failures="0" tests="1" name="scripts.TestCase3" time="21.166" errors="0" timestamp="2022-11-26T19:43:13 IST" skipped="0">
  <testcase classname="scripts.TestCase3" name="tc3" time="21.166"/>
  <system-out/>
</testsuite> <!-- scripts.TestCase3 -->
