<?xml version="1.0" encoding="UTF-8"?>
<!-- Generated by org.testng.reporters.JUnitReportReporter -->
<testsuite hostname="DESKTOP-TUSOF9V" failures="0" tests="1" name="scripts.Testcase1" time="5.798" errors="0" timestamp="2022-11-17T22:46:12 IST" skipped="0">
  <testcase classname="scripts.Testcase1" name="tc1" time="5.798"/>
  <system-out/>
</testsuite> <!-- scripts.Testcase1 -->
